0 info it worked if it ends with ok
1 verbose cli [ '/usr/local/bin/node',
1 verbose cli   '/usr/local/bin/npm',
1 verbose cli   'install',
1 verbose cli   '--global',
1 verbose cli   'yo',
1 verbose cli   'gulp-cli',
1 verbose cli   'bower',
1 verbose cli   'generator-webapp' ]
2 info using npm@2.15.9
3 info using node@v4.6.0
4 verbose install initial load of /usr/local/lib/package.json
5 verbose readDependencies loading dependencies from /usr/local/lib/package.json
6 silly cache add args [ 'yo', null ]
7 verbose cache add spec yo
8 silly cache add args [ 'gulp-cli', null ]
9 verbose cache add spec gulp-cli
10 silly cache add args [ 'bower', null ]
11 verbose cache add spec bower
12 silly cache add args [ 'generator-webapp', null ]
13 verbose cache add spec generator-webapp
14 silly cache add parsed spec Result {
14 silly cache add   raw: 'yo',
14 silly cache add   scope: null,
14 silly cache add   name: 'yo',
14 silly cache add   rawSpec: '',
14 silly cache add   spec: 'latest',
14 silly cache add   type: 'tag' }
15 silly addNamed yo@latest
16 verbose addNamed "latest" is being treated as a dist-tag for yo
17 info addNameTag [ 'yo', 'latest' ]
18 silly mapToRegistry name yo
19 silly mapToRegistry using default registry
20 silly mapToRegistry registry https://registry.npmjs.org/
21 silly mapToRegistry data Result {
21 silly mapToRegistry   raw: 'yo',
21 silly mapToRegistry   scope: null,
21 silly mapToRegistry   name: 'yo',
21 silly mapToRegistry   rawSpec: '',
21 silly mapToRegistry   spec: 'latest',
21 silly mapToRegistry   type: 'tag' }
22 silly mapToRegistry uri https://registry.npmjs.org/yo
23 verbose addNameTag registry:https://registry.npmjs.org/yo not in flight; fetching
24 silly cache add parsed spec Result {
24 silly cache add   raw: 'gulp-cli',
24 silly cache add   scope: null,
24 silly cache add   name: 'gulp-cli',
24 silly cache add   rawSpec: '',
24 silly cache add   spec: 'latest',
24 silly cache add   type: 'tag' }
25 silly addNamed gulp-cli@latest
26 verbose addNamed "latest" is being treated as a dist-tag for gulp-cli
27 info addNameTag [ 'gulp-cli', 'latest' ]
28 silly mapToRegistry name gulp-cli
29 silly mapToRegistry using default registry
30 silly mapToRegistry registry https://registry.npmjs.org/
31 silly mapToRegistry data Result {
31 silly mapToRegistry   raw: 'gulp-cli',
31 silly mapToRegistry   scope: null,
31 silly mapToRegistry   name: 'gulp-cli',
31 silly mapToRegistry   rawSpec: '',
31 silly mapToRegistry   spec: 'latest',
31 silly mapToRegistry   type: 'tag' }
32 silly mapToRegistry uri https://registry.npmjs.org/gulp-cli
33 verbose addNameTag registry:https://registry.npmjs.org/gulp-cli not in flight; fetching
34 silly cache add parsed spec Result {
34 silly cache add   raw: 'bower',
34 silly cache add   scope: null,
34 silly cache add   name: 'bower',
34 silly cache add   rawSpec: '',
34 silly cache add   spec: 'latest',
34 silly cache add   type: 'tag' }
35 silly addNamed bower@latest
36 verbose addNamed "latest" is being treated as a dist-tag for bower
37 info addNameTag [ 'bower', 'latest' ]
38 silly mapToRegistry name bower
39 silly mapToRegistry using default registry
40 silly mapToRegistry registry https://registry.npmjs.org/
41 silly mapToRegistry data Result {
41 silly mapToRegistry   raw: 'bower',
41 silly mapToRegistry   scope: null,
41 silly mapToRegistry   name: 'bower',
41 silly mapToRegistry   rawSpec: '',
41 silly mapToRegistry   spec: 'latest',
41 silly mapToRegistry   type: 'tag' }
42 silly mapToRegistry uri https://registry.npmjs.org/bower
43 verbose addNameTag registry:https://registry.npmjs.org/bower not in flight; fetching
44 silly cache add parsed spec Result {
44 silly cache add   raw: 'generator-webapp',
44 silly cache add   scope: null,
44 silly cache add   name: 'generator-webapp',
44 silly cache add   rawSpec: '',
44 silly cache add   spec: 'latest',
44 silly cache add   type: 'tag' }
45 silly addNamed generator-webapp@latest
46 verbose addNamed "latest" is being treated as a dist-tag for generator-webapp
47 info addNameTag [ 'generator-webapp', 'latest' ]
48 silly mapToRegistry name generator-webapp
49 silly mapToRegistry using default registry
50 silly mapToRegistry registry https://registry.npmjs.org/
51 silly mapToRegistry data Result {
51 silly mapToRegistry   raw: 'generator-webapp',
51 silly mapToRegistry   scope: null,
51 silly mapToRegistry   name: 'generator-webapp',
51 silly mapToRegistry   rawSpec: '',
51 silly mapToRegistry   spec: 'latest',
51 silly mapToRegistry   type: 'tag' }
52 silly mapToRegistry uri https://registry.npmjs.org/generator-webapp
53 verbose addNameTag registry:https://registry.npmjs.org/generator-webapp not in flight; fetching
54 verbose request uri https://registry.npmjs.org/yo
55 verbose request no auth needed
56 info attempt registry request try #1 at 9:24:13 PM
57 verbose request id a2e3d887da66079a
58 http request GET https://registry.npmjs.org/yo
59 verbose request uri https://registry.npmjs.org/gulp-cli
60 verbose request no auth needed
61 info attempt registry request try #1 at 9:24:13 PM
62 http request GET https://registry.npmjs.org/gulp-cli
63 verbose request uri https://registry.npmjs.org/bower
64 verbose request no auth needed
65 info attempt registry request try #1 at 9:24:13 PM
66 http request GET https://registry.npmjs.org/bower
67 verbose request uri https://registry.npmjs.org/generator-webapp
68 verbose request no auth needed
69 info attempt registry request try #1 at 9:24:13 PM
70 http request GET https://registry.npmjs.org/generator-webapp
71 http 200 https://registry.npmjs.org/gulp-cli
72 verbose headers { server: 'nginx/1.10.1',
72 verbose headers   'content-type': 'application/json',
72 verbose headers   'last-modified': 'Thu, 27 Apr 2017 13:59:43 GMT',
72 verbose headers   etag: 'W/"5901f94f-86ad"',
72 verbose headers   'content-encoding': 'gzip',
72 verbose headers   'cache-control': 'max-age=300',
72 verbose headers   'content-length': '5993',
72 verbose headers   'accept-ranges': 'bytes',
72 verbose headers   date: 'Tue, 13 Jun 2017 15:24:13 GMT',
72 verbose headers   via: '1.1 varnish',
72 verbose headers   age: '238',
72 verbose headers   connection: 'keep-alive',
72 verbose headers   'x-served-by': 'cache-bma7028-BMA',
72 verbose headers   'x-cache': 'HIT',
72 verbose headers   'x-cache-hits': '1',
72 verbose headers   'x-timer': 'S1497367454.929385,VS0,VE0',
72 verbose headers   vary: 'Accept-Encoding' }
73 silly get cb [ 200,
73 silly get   { server: 'nginx/1.10.1',
73 silly get     'content-type': 'application/json',
73 silly get     'last-modified': 'Thu, 27 Apr 2017 13:59:43 GMT',
73 silly get     etag: 'W/"5901f94f-86ad"',
73 silly get     'content-encoding': 'gzip',
73 silly get     'cache-control': 'max-age=300',
73 silly get     'content-length': '5993',
73 silly get     'accept-ranges': 'bytes',
73 silly get     date: 'Tue, 13 Jun 2017 15:24:13 GMT',
73 silly get     via: '1.1 varnish',
73 silly get     age: '238',
73 silly get     connection: 'keep-alive',
73 silly get     'x-served-by': 'cache-bma7028-BMA',
73 silly get     'x-cache': 'HIT',
73 silly get     'x-cache-hits': '1',
73 silly get     'x-timer': 'S1497367454.929385,VS0,VE0',
73 silly get     vary: 'Accept-Encoding' } ]
74 verbose get saving gulp-cli to /Users/manux1337/.npm/registry.npmjs.org/gulp-cli/.cache.json
75 verbose correctMkdir /Users/manux1337/.npm correctMkdir not in flight; initializing
76 silly addNameTag next cb for gulp-cli with tag latest
77 silly addNamed gulp-cli@1.3.0
78 verbose addNamed "1.3.0" is a plain semver version for gulp-cli
79 silly mapToRegistry name gulp-cli
80 silly mapToRegistry using default registry
81 silly mapToRegistry registry https://registry.npmjs.org/
82 silly mapToRegistry data Result {
82 silly mapToRegistry   raw: 'gulp-cli',
82 silly mapToRegistry   scope: null,
82 silly mapToRegistry   name: 'gulp-cli',
82 silly mapToRegistry   rawSpec: '',
82 silly mapToRegistry   spec: 'latest',
82 silly mapToRegistry   type: 'tag' }
83 silly mapToRegistry uri https://registry.npmjs.org/gulp-cli
84 verbose addRemoteTarball https://registry.npmjs.org/gulp-cli/-/gulp-cli-1.3.0.tgz not in flight; adding
85 verbose addRemoteTarball [ 'https://registry.npmjs.org/gulp-cli/-/gulp-cli-1.3.0.tgz',
85 verbose addRemoteTarball   'a6bfbb8be35341be290ae45cd3e401071216edd4' ]
86 http 200 https://registry.npmjs.org/yo
87 verbose headers { server: 'nginx/1.10.1',
87 verbose headers   'content-type': 'application/json',
87 verbose headers   'last-modified': 'Sun, 11 Jun 2017 18:01:23 GMT',
87 verbose headers   etag: 'W/"593d8573-12421"',
87 verbose headers   'content-encoding': 'gzip',
87 verbose headers   'cache-control': 'max-age=300',
87 verbose headers   'content-length': '10358',
87 verbose headers   'accept-ranges': 'bytes',
87 verbose headers   date: 'Tue, 13 Jun 2017 15:24:13 GMT',
87 verbose headers   via: '1.1 varnish',
87 verbose headers   age: '0',
87 verbose headers   connection: 'keep-alive',
87 verbose headers   'x-served-by': 'cache-bma7027-BMA',
87 verbose headers   'x-cache': 'HIT',
87 verbose headers   'x-cache-hits': '1',
87 verbose headers   'x-timer': 'S1497367454.926295,VS0,VE36',
87 verbose headers   vary: 'Accept-Encoding' }
88 silly get cb [ 200,
88 silly get   { server: 'nginx/1.10.1',
88 silly get     'content-type': 'application/json',
88 silly get     'last-modified': 'Sun, 11 Jun 2017 18:01:23 GMT',
88 silly get     etag: 'W/"593d8573-12421"',
88 silly get     'content-encoding': 'gzip',
88 silly get     'cache-control': 'max-age=300',
88 silly get     'content-length': '10358',
88 silly get     'accept-ranges': 'bytes',
88 silly get     date: 'Tue, 13 Jun 2017 15:24:13 GMT',
88 silly get     via: '1.1 varnish',
88 silly get     age: '0',
88 silly get     connection: 'keep-alive',
88 silly get     'x-served-by': 'cache-bma7027-BMA',
88 silly get     'x-cache': 'HIT',
88 silly get     'x-cache-hits': '1',
88 silly get     'x-timer': 'S1497367454.926295,VS0,VE36',
88 silly get     vary: 'Accept-Encoding' } ]
89 verbose get saving yo to /Users/manux1337/.npm/registry.npmjs.org/yo/.cache.json
90 verbose correctMkdir /Users/manux1337/.npm correctMkdir not in flight; initializing
91 http 200 https://registry.npmjs.org/generator-webapp
92 verbose headers { server: 'nginx/1.10.1',
92 verbose headers   'content-type': 'application/json',
92 verbose headers   'last-modified': 'Fri, 09 Jun 2017 08:14:04 GMT',
92 verbose headers   etag: 'W/"593a58cc-14c57"',
92 verbose headers   'content-encoding': 'gzip',
92 verbose headers   'cache-control': 'max-age=300',
92 verbose headers   'content-length': '8344',
92 verbose headers   'accept-ranges': 'bytes',
92 verbose headers   date: 'Tue, 13 Jun 2017 15:24:13 GMT',
92 verbose headers   via: '1.1 varnish',
92 verbose headers   age: '0',
92 verbose headers   connection: 'keep-alive',
92 verbose headers   'x-served-by': 'cache-bma7021-BMA',
92 verbose headers   'x-cache': 'MISS',
92 verbose headers   'x-cache-hits': '0',
92 verbose headers   'x-timer': 'S1497367454.929309,VS0,VE31',
92 verbose headers   vary: 'Accept-Encoding' }
93 silly get cb [ 200,
93 silly get   { server: 'nginx/1.10.1',
93 silly get     'content-type': 'application/json',
93 silly get     'last-modified': 'Fri, 09 Jun 2017 08:14:04 GMT',
93 silly get     etag: 'W/"593a58cc-14c57"',
93 silly get     'content-encoding': 'gzip',
93 silly get     'cache-control': 'max-age=300',
93 silly get     'content-length': '8344',
93 silly get     'accept-ranges': 'bytes',
93 silly get     date: 'Tue, 13 Jun 2017 15:24:13 GMT',
93 silly get     via: '1.1 varnish',
93 silly get     age: '0',
93 silly get     connection: 'keep-alive',
93 silly get     'x-served-by': 'cache-bma7021-BMA',
93 silly get     'x-cache': 'MISS',
93 silly get     'x-cache-hits': '0',
93 silly get     'x-timer': 'S1497367454.929309,VS0,VE31',
93 silly get     vary: 'Accept-Encoding' } ]
94 verbose get saving generator-webapp to /Users/manux1337/.npm/registry.npmjs.org/generator-webapp/.cache.json
95 verbose correctMkdir /Users/manux1337/.npm correctMkdir not in flight; initializing
96 info retry fetch attempt 1 at 9:24:14 PM
97 info attempt registry request try #1 at 9:24:14 PM
98 http fetch GET https://registry.npmjs.org/gulp-cli/-/gulp-cli-1.3.0.tgz
99 silly addNameTag next cb for yo with tag latest
100 silly addNamed yo@2.0.0
101 verbose addNamed "2.0.0" is a plain semver version for yo
102 silly addNameTag next cb for generator-webapp with tag latest
103 silly addNamed generator-webapp@3.0.1
104 verbose addNamed "3.0.1" is a plain semver version for generator-webapp
105 silly mapToRegistry name yo
106 silly mapToRegistry using default registry
107 silly mapToRegistry registry https://registry.npmjs.org/
108 silly mapToRegistry data Result {
108 silly mapToRegistry   raw: 'yo',
108 silly mapToRegistry   scope: null,
108 silly mapToRegistry   name: 'yo',
108 silly mapToRegistry   rawSpec: '',
108 silly mapToRegistry   spec: 'latest',
108 silly mapToRegistry   type: 'tag' }
109 silly mapToRegistry uri https://registry.npmjs.org/yo
110 verbose addRemoteTarball https://registry.npmjs.org/yo/-/yo-2.0.0.tgz not in flight; adding
111 verbose addRemoteTarball [ 'https://registry.npmjs.org/yo/-/yo-2.0.0.tgz',
111 verbose addRemoteTarball   '0cd75211379ed87105f99510885759062147b517' ]
112 silly mapToRegistry name generator-webapp
113 silly mapToRegistry using default registry
114 silly mapToRegistry registry https://registry.npmjs.org/
115 silly mapToRegistry data Result {
115 silly mapToRegistry   raw: 'generator-webapp',
115 silly mapToRegistry   scope: null,
115 silly mapToRegistry   name: 'generator-webapp',
115 silly mapToRegistry   rawSpec: '',
115 silly mapToRegistry   spec: 'latest',
115 silly mapToRegistry   type: 'tag' }
116 silly mapToRegistry uri https://registry.npmjs.org/generator-webapp
117 verbose addRemoteTarball https://registry.npmjs.org/generator-webapp/-/generator-webapp-3.0.1.tgz not in flight; adding
118 verbose addRemoteTarball [ 'https://registry.npmjs.org/generator-webapp/-/generator-webapp-3.0.1.tgz',
118 verbose addRemoteTarball   'd09a36052ee919164de88d41c90ae177ae26d989' ]
119 info retry fetch attempt 1 at 9:24:14 PM
120 info attempt registry request try #1 at 9:24:14 PM
121 http fetch GET https://registry.npmjs.org/yo/-/yo-2.0.0.tgz
122 info retry fetch attempt 1 at 9:24:14 PM
123 info attempt registry request try #1 at 9:24:14 PM
124 http fetch GET https://registry.npmjs.org/generator-webapp/-/generator-webapp-3.0.1.tgz
125 http 200 https://registry.npmjs.org/bower
126 verbose headers { server: 'nginx/1.10.1',
126 verbose headers   'content-type': 'application/json',
126 verbose headers   'last-modified': 'Mon, 12 Jun 2017 15:09:51 GMT',
126 verbose headers   etag: 'W/"593eaebf-314b0"',
126 verbose headers   'content-encoding': 'gzip',
126 verbose headers   'cache-control': 'max-age=300',
126 verbose headers   'content-length': '17226',
126 verbose headers   'accept-ranges': 'bytes',
126 verbose headers   date: 'Tue, 13 Jun 2017 15:24:13 GMT',
126 verbose headers   via: '1.1 varnish',
126 verbose headers   age: '0',
126 verbose headers   connection: 'keep-alive',
126 verbose headers   'x-served-by': 'cache-bma7034-BMA',
126 verbose headers   'x-cache': 'HIT',
126 verbose headers   'x-cache-hits': '1',
126 verbose headers   'x-timer': 'S1497367454.930379,VS0,VE30',
126 verbose headers   vary: 'Accept-Encoding' }
127 silly get cb [ 200,
127 silly get   { server: 'nginx/1.10.1',
127 silly get     'content-type': 'application/json',
127 silly get     'last-modified': 'Mon, 12 Jun 2017 15:09:51 GMT',
127 silly get     etag: 'W/"593eaebf-314b0"',
127 silly get     'content-encoding': 'gzip',
127 silly get     'cache-control': 'max-age=300',
127 silly get     'content-length': '17226',
127 silly get     'accept-ranges': 'bytes',
127 silly get     date: 'Tue, 13 Jun 2017 15:24:13 GMT',
127 silly get     via: '1.1 varnish',
127 silly get     age: '0',
127 silly get     connection: 'keep-alive',
127 silly get     'x-served-by': 'cache-bma7034-BMA',
127 silly get     'x-cache': 'HIT',
127 silly get     'x-cache-hits': '1',
127 silly get     'x-timer': 'S1497367454.930379,VS0,VE30',
127 silly get     vary: 'Accept-Encoding' } ]
128 verbose get saving bower to /Users/manux1337/.npm/registry.npmjs.org/bower/.cache.json
129 verbose correctMkdir /Users/manux1337/.npm correctMkdir not in flight; initializing
130 silly addNameTag next cb for bower with tag latest
131 silly addNamed bower@1.8.0
132 verbose addNamed "1.8.0" is a plain semver version for bower
133 warn deprecated bower@1.8.0: ..psst! While Bower is maintained, we recommend Yarn and Webpack for *new* front-end projects! Yarn's advantage is security and reliability, and Webpack's is support for both CommonJS and AMD projects. Currently there's no migration path but we hope you'll help us figure out one.
134 silly mapToRegistry name bower
135 silly mapToRegistry using default registry
136 silly mapToRegistry registry https://registry.npmjs.org/
137 silly mapToRegistry data Result {
137 silly mapToRegistry   raw: 'bower',
137 silly mapToRegistry   scope: null,
137 silly mapToRegistry   name: 'bower',
137 silly mapToRegistry   rawSpec: '',
137 silly mapToRegistry   spec: 'latest',
137 silly mapToRegistry   type: 'tag' }
138 silly mapToRegistry uri https://registry.npmjs.org/bower
139 verbose addRemoteTarball https://registry.npmjs.org/bower/-/bower-1.8.0.tgz not in flight; adding
140 verbose addRemoteTarball [ 'https://registry.npmjs.org/bower/-/bower-1.8.0.tgz',
140 verbose addRemoteTarball   '55dbebef0ad9155382d9e9d3e497c1372345b44a' ]
141 info retry fetch attempt 1 at 9:24:14 PM
142 info attempt registry request try #1 at 9:24:14 PM
143 http fetch GET https://registry.npmjs.org/bower/-/bower-1.8.0.tgz
144 http fetch 200 https://registry.npmjs.org/gulp-cli/-/gulp-cli-1.3.0.tgz
145 http fetch 200 https://registry.npmjs.org/generator-webapp/-/generator-webapp-3.0.1.tgz
146 http fetch 200 https://registry.npmjs.org/yo/-/yo-2.0.0.tgz
147 silly fetchAndShaCheck shasum 0cd75211379ed87105f99510885759062147b517
148 silly fetchAndShaCheck shasum d09a36052ee919164de88d41c90ae177ae26d989
149 verbose addTmpTarball /var/folders/hz/7mxp150s6lxdcp2md9dxf3_m0000gn/T/npm-66826-af82f203/registry.npmjs.org/yo/-/yo-2.0.0.tgz not in flight; adding
150 verbose addTmpTarball already have metadata; skipping unpack for yo@2.0.0
151 verbose correctMkdir /Users/manux1337/.npm correctMkdir not in flight; initializing
152 verbose addTmpTarball /var/folders/hz/7mxp150s6lxdcp2md9dxf3_m0000gn/T/npm-66826-af82f203/registry.npmjs.org/generator-webapp/-/generator-webapp-3.0.1.tgz not in flight; adding
153 verbose addTmpTarball already have metadata; skipping unpack for generator-webapp@3.0.1
154 verbose correctMkdir /Users/manux1337/.npm correctMkdir not in flight; initializing
155 silly cache afterAdd yo@2.0.0
156 verbose afterAdd /Users/manux1337/.npm/yo/2.0.0/package/package.json not in flight; writing
157 verbose correctMkdir /Users/manux1337/.npm correctMkdir not in flight; initializing
158 silly cache afterAdd generator-webapp@3.0.1
159 verbose afterAdd /Users/manux1337/.npm/generator-webapp/3.0.1/package/package.json not in flight; writing
160 verbose correctMkdir /Users/manux1337/.npm correctMkdir not in flight; initializing
161 verbose afterAdd /Users/manux1337/.npm/yo/2.0.0/package/package.json written
162 verbose afterAdd /Users/manux1337/.npm/generator-webapp/3.0.1/package/package.json written
163 http fetch 200 https://registry.npmjs.org/bower/-/bower-1.8.0.tgz
164 silly fetchAndShaCheck shasum a6bfbb8be35341be290ae45cd3e401071216edd4
165 verbose addTmpTarball /var/folders/hz/7mxp150s6lxdcp2md9dxf3_m0000gn/T/npm-66826-af82f203/registry.npmjs.org/gulp-cli/-/gulp-cli-1.3.0.tgz not in flight; adding
166 verbose addTmpTarball already have metadata; skipping unpack for gulp-cli@1.3.0
167 verbose correctMkdir /Users/manux1337/.npm correctMkdir not in flight; initializing
168 silly cache afterAdd gulp-cli@1.3.0
169 verbose afterAdd /Users/manux1337/.npm/gulp-cli/1.3.0/package/package.json not in flight; writing
170 verbose correctMkdir /Users/manux1337/.npm correctMkdir not in flight; initializing
171 verbose afterAdd /Users/manux1337/.npm/gulp-cli/1.3.0/package/package.json written
172 silly fetchAndShaCheck shasum 55dbebef0ad9155382d9e9d3e497c1372345b44a
173 verbose addTmpTarball /var/folders/hz/7mxp150s6lxdcp2md9dxf3_m0000gn/T/npm-66826-af82f203/registry.npmjs.org/bower/-/bower-1.8.0.tgz not in flight; adding
174 verbose addTmpTarball already have metadata; skipping unpack for bower@1.8.0
175 verbose correctMkdir /Users/manux1337/.npm correctMkdir not in flight; initializing
176 silly cache afterAdd bower@1.8.0
177 verbose afterAdd /Users/manux1337/.npm/bower/1.8.0/package/package.json not in flight; writing
178 verbose correctMkdir /Users/manux1337/.npm correctMkdir not in flight; initializing
179 verbose afterAdd /Users/manux1337/.npm/bower/1.8.0/package/package.json written
180 silly install resolved [ { name: 'yo',
180 silly install resolved     version: '2.0.0',
180 silly install resolved     description: 'CLI tool for running Yeoman generators',
180 silly install resolved     license: 'BSD-2-Clause',
180 silly install resolved     repository: { type: 'git', url: 'git+https://github.com/yeoman/yo.git' },
180 silly install resolved     homepage: 'http://yeoman.io',
180 silly install resolved     author: { name: 'Yeoman' },
180 silly install resolved     main: 'lib',
180 silly install resolved     bin: { yo: 'lib/cli.js', 'yo-complete': 'lib/completion/index.js' },
180 silly install resolved     engines: { node: '>=4' },
180 silly install resolved     scripts:
180 silly install resolved      { test: 'xo && gulp',
180 silly install resolved        postinstall: 'yodoctor',
180 silly install resolved        postupdate: 'yodoctor',
180 silly install resolved        prepublish: 'gulp prepublish' },
180 silly install resolved     files: [ 'lib' ],
180 silly install resolved     keywords:
180 silly install resolved      [ 'cli-app',
180 silly install resolved        'cli',
180 silly install resolved        'front-end',
180 silly install resolved        'development',
180 silly install resolved        'dev',
180 silly install resolved        'build',
180 silly install resolved        'web',
180 silly install resolved        'tool',
180 silly install resolved        'scaffold',
180 silly install resolved        'stack',
180 silly install resolved        'yeoman',
180 silly install resolved        'generator',
180 silly install resolved        'generate',
180 silly install resolved        'app',
180 silly install resolved        'boilerplate' ],
180 silly install resolved     dependencies:
180 silly install resolved      { async: '^2.1.4',
180 silly install resolved        chalk: '^1.0.0',
180 silly install resolved        'cli-list': '^0.2.0',
180 silly install resolved        configstore: '^3.0.0',
180 silly install resolved        'cross-spawn': '^5.0.1',
180 silly install resolved        figures: '^2.0.0',
180 silly install resolved        fullname: '^3.2.0',
180 silly install resolved        got: '^6.7.1',
180 silly install resolved        'humanize-string': '^1.0.0',
180 silly install resolved        inquirer: '^3.0.1',
180 silly install resolved        insight: '^0.8.4',
180 silly install resolved        lodash: '^4.17.4',
180 silly install resolved        meow: '^3.0.0',
180 silly install resolved        'npm-keyword': '^4.1.0',
180 silly install resolved        opn: '^4.0.2',
180 silly install resolved        'package-json': '^2.1.0',
180 silly install resolved        'parse-help': '^0.1.1',
180 silly install resolved        'read-pkg-up': '^2.0.0',
180 silly install resolved        'root-check': '^1.0.0',
180 silly install resolved        'sort-on': '^2.0.0',
180 silly install resolved        'string-length': '^1.0.0',
180 silly install resolved        tabtab: '^1.3.2',
180 silly install resolved        titleize: '^1.0.0',
180 silly install resolved        'update-notifier': '^2.1.0',
180 silly install resolved        'user-home': '^2.0.0',
180 silly install resolved        'yeoman-character': '^1.0.0',
180 silly install resolved        'yeoman-doctor': '^2.0.0',
180 silly install resolved        'yeoman-environment': '^2.0.0',
180 silly install resolved        yosay: '^2.0.0' },
180 silly install resolved     devDependencies:
180 silly install resolved      { gulp: '^3.6.0',
180 silly install resolved        'gulp-coveralls': '^0.1.0',
180 silly install resolved        'gulp-istanbul': '^1.0.0',
180 silly install resolved        'gulp-mocha': '^3.0.1',
180 silly install resolved        'gulp-nsp': '^2.1.0',
180 silly install resolved        'gulp-plumber': '^1.0.0',
180 silly install resolved        mocha: '^3.2.0',
180 silly install resolved        mockery: '^2.0.0',
180 silly install resolved        nock: '^9.0.5',
180 silly install resolved        nsp: '^2.2.0',
180 silly install resolved        proxyquire: '^1.0.1',
180 silly install resolved        'registry-url': '^3.0.0',
180 silly install resolved        sinon: '^1.12.1',
180 silly install resolved        xo: '^0.18.1' },
180 silly install resolved     tabtab: { yo: [Object] },
180 silly install resolved     xo: { space: true, overrides: [Object] },
180 silly install resolved     gitHead: 'ab779089425b39e695668c9432f735972a9131d8',
180 silly install resolved     bugs: { url: 'https://github.com/yeoman/yo/issues' },
180 silly install resolved     _id: 'yo@2.0.0',
180 silly install resolved     _npmVersion: '5.0.1',
180 silly install resolved     _nodeVersion: '8.0.0',
180 silly install resolved     _npmUser: { name: 'sboudrias', email: 'admin@simonboudrias.com' },
180 silly install resolved     dist:
180 silly install resolved      { integrity: 'sha512-mYZatfOea4/Zua9WrDFlvh0SLLx93NJ2QoaCIIjlHe5l8cSoV+3KRR3nsxDjQx2fqo2gydG9myt9388VCsyu6g==',
180 silly install resolved        shasum: '0cd75211379ed87105f99510885759062147b517',
180 silly install resolved        tarball: 'https://registry.npmjs.org/yo/-/yo-2.0.0.tgz' },
180 silly install resolved     maintainers:
180 silly install resolved      [ [Object],
180 silly install resolved        [Object],
180 silly install resolved        [Object],
180 silly install resolved        [Object],
180 silly install resolved        [Object],
180 silly install resolved        [Object],
180 silly install resolved        [Object],
180 silly install resolved        [Object],
180 silly install resolved        [Object],
180 silly install resolved        [Object] ],
180 silly install resolved     _npmOperationalInternal:
180 silly install resolved      { host: 's3://npm-registry-packages',
180 silly install resolved        tmp: 'tmp/yo-2.0.0.tgz_1496844997715_0.3610898428596556' },
180 silly install resolved     directories: {},
180 silly install resolved     _shasum: '0cd75211379ed87105f99510885759062147b517',
180 silly install resolved     _resolved: 'https://registry.npmjs.org/yo/-/yo-2.0.0.tgz',
180 silly install resolved     _from: 'yo@latest' },
180 silly install resolved   { name: 'generator-webapp',
180 silly install resolved     version: '3.0.1',
180 silly install resolved     description: 'Scaffold out a front-end web app',
180 silly install resolved     license: 'BSD-2-Clause',
180 silly install resolved     repository:
180 silly install resolved      { type: 'git',
180 silly install resolved        url: 'git+https://github.com/yeoman/generator-webapp.git' },
180 silly install resolved     author: { name: 'The Yeoman Team' },
180 silly install resolved     main: 'app/index.js',
180 silly install resolved     engines: { node: '>=4' },
180 silly install resolved     scripts: { test: 'mocha --reporter spec --timeout 3000' },
180 silly install resolved     files: [ 'app' ],
180 silly install resolved     keywords:
180 silly install resolved      [ 'yeoman-generator',
180 silly install resolved        'web',
180 silly install resolved        'app',
180 silly install resolved        'front-end',
180 silly install resolved        'h5bp',
180 silly install resolved        'modernizr',
180 silly install resolved        'jquery',
180 silly install resolved        'gulp' ],
180 silly install resolved     dependencies:
180 silly install resolved      { chalk: '^1.0.0',
180 silly install resolved        'command-exists': '^1.2.2',
180 silly install resolved        'generator-jasmine': '^1.0.0',
180 silly install resolved        'generator-mocha': '^1.0.0',
180 silly install resolved        mkdirp: '^0.5.1',
180 silly install resolved        'underscore.string': '^3.1.1',
180 silly install resolved        wiredep: '^4.0.0',
180 silly install resolved        'yeoman-generator': '^1.1.1',
180 silly install resolved        yosay: '^2.0.0' },
180 silly install resolved     devDependencies:
180 silly install resolved      { mocha: '^3.1.0',
180 silly install resolved        'yeoman-assert': '^3.0.0',
180 silly install resolved        'yeoman-test': '^1.6.0' },
180 silly install resolved     gitHead: '2a6113f3e6c8e67a0f48d2bb96e4570a20143877',
180 silly install resolved     bugs: { url: 'https://github.com/yeoman/generator-webapp/issues' },
180 silly install resolved     homepage: 'https://github.com/yeoman/generator-webapp#readme',
180 silly install resolved     _id: 'generator-webapp@3.0.1',
180 silly install resolved     _npmVersion: '5.0.0',
180 silly install resolved     _nodeVersion: '8.0.0',
180 silly install resolved     _npmUser: { name: 'silvenon', email: 'matija.marohnic@gmail.com' },
180 silly install resolved     dist:
180 silly install resolved      { integrity: 'sha512-UFk2pXgpPM3roHjgl7+/eIsvvtFjG3ZJiUSc1xlvCRH3M+FYAop4iq6PIlL7wNWehJqjhk+asZVTYhV6bOalhA==',
180 silly install resolved        shasum: 'd09a36052ee919164de88d41c90ae177ae26d989',
180 silly install resolved        tarball: 'https://registry.npmjs.org/generator-webapp/-/generator-webapp-3.0.1.tgz' },
180 silly install resolved     maintainers:
180 silly install resolved      [ [Object],
180 silly install resolved        [Object],
180 silly install resolved        [Object],
180 silly install resolved        [Object],
180 silly install resolved        [Object],
180 silly install resolved        [Object],
180 silly install resolved        [Object],
180 silly install resolved        [Object],
180 silly install resolved        [Object],
180 silly install resolved        [Object],
180 silly install resolved        [Object] ],
180 silly install resolved     _npmOperationalInternal:
180 silly install resolved      { host: 's3://npm-registry-packages',
180 silly install resolved        tmp: 'tmp/generator-webapp-3.0.1.tgz_1496996043195_0.3775063958019018' },
180 silly install resolved     directories: {},
180 silly install resolved     _shasum: 'd09a36052ee919164de88d41c90ae177ae26d989',
180 silly install resolved     _resolved: 'https://registry.npmjs.org/generator-webapp/-/generator-webapp-3.0.1.tgz',
180 silly install resolved     _from: 'generator-webapp@latest' },
180 silly install resolved   { name: 'gulp-cli',
180 silly install resolved     version: '1.3.0',
180 silly install resolved     description: 'Command line interface for gulp',
180 silly install resolved     author:
180 silly install resolved      { name: 'Gulp Team',
180 silly install resolved        email: 'team@gulpjs.com',
180 silly install resolved        url: 'http://gulpjs.com/' },
180 silly install resolved     contributors: [],
180 silly install resolved     homepage: 'http://gulpjs.com',
180 silly install resolved     repository:
180 silly install resolved      { type: 'git',
180 silly install resolved        url: 'git+https://github.com/gulpjs/gulp-cli.git' },
180 silly install resolved     license: 'MIT',
180 silly install resolved     man: [ 'gulp.1' ],
180 silly install resolved     engines: { node: '>= 0.10' },
180 silly install resolved     main: 'index.js',
180 silly install resolved     bin: { gulp: 'bin/gulp.js' },
180 silly install resolved     files: [ 'index.js', 'lib', 'bin', 'completion', 'gulp.1' ],
180 silly install resolved     scripts:
180 silly install resolved      { lint: 'eslint . && jscs index.js bin/ lib/ test/',
180 silly install resolved        prepublish: 'marked-man --name gulp docs/CLI.md > gulp.1',
180 silly install resolved        pretest: 'npm run lint',
180 silly install resolved        test: 'mocha --async-only --timeout 3000 test/lib test',
180 silly install resolved        cover: 'nyc --reporter=lcov --reporter=text-summary npm test',
180 silly install resolved        coveralls: 'nyc --reporter=text-lcov npm test | coveralls',
180 silly install resolved        changelog: 'github-changes -o gulpjs -r gulp-cli -b master -f ./CHANGELOG.md --order-semver --use-commit-body' },
180 silly install resolved     dependencies:
180 silly install resolved      { archy: '^1.0.0',
180 silly install resolved        chalk: '^1.1.0',
180 silly install resolved        'copy-props': '^1.4.1',
180 silly install resolved        'fancy-log': '^1.1.0',
180 silly install resolved        gulplog: '^1.0.0',
180 silly install resolved        interpret: '^1.0.0',
180 silly install resolved        liftoff: '^2.3.0',
180 silly install resolved        'lodash.isfunction': '^3.0.8',
180 silly install resolved        'lodash.isplainobject': '^4.0.4',
180 silly install resolved        'lodash.sortby': '^4.5.0',
180 silly install resolved        matchdep: '^1.0.0',
180 silly install resolved        'mute-stdout': '^1.0.0',
180 silly install resolved        'pretty-hrtime': '^1.0.0',
180 silly install resolved        'semver-greatest-satisfied-range': '^1.0.0',
180 silly install resolved        tildify: '^1.0.0',
180 silly install resolved        v8flags: '^2.0.9',
180 silly install resolved        wreck: '^6.3.0',
180 silly install resolved        yargs: '^3.28.0' },
180 silly install resolved     devDependencies:
180 silly install resolved      { 'babel-preset-es2015': '^6.5.0',
180 silly install resolved        'babel-register': '^6.5.1',
180 silly install resolved        coveralls: '^2.7.0',
180 silly install resolved        eslint: '^1.7.3',
180 silly install resolved        'eslint-config-gulp': '^2.0.0',
180 silly install resolved        expect: '^1.20.2',
180 silly install resolved        'fs-extra': '^0.26.1',
180 silly install resolved        'github-changes': '^1.0.1',
180 silly install resolved        gulp: 'github:gulpjs/gulp#4.0',
180 silly install resolved        'gulp-test-tools': '^0.6.1',
180 silly install resolved        jscs: '^2.3.5',
180 silly install resolved        'jscs-preset-gulp': '^1.0.0',
180 silly install resolved        'marked-man': '^0.1.3',
180 silly install resolved        mocha: '^3.2.0',
180 silly install resolved        nyc: '^10.0.0' },
180 silly install resolved     keywords: [ 'build', 'stream', 'system', 'make', 'tool', 'asset', 'pipeline' ],
180 silly install resolved     gitHead: '879c5643a498fb485cb683b285145bd8f1ff1213',
180 silly install resolved     bugs: { url: 'https://github.com/gulpjs/gulp-cli/issues' },
180 silly install resolved     _id: 'gulp-cli@1.3.0',
180 silly install resolved     _shasum: 'a6bfbb8be35341be290ae45cd3e401071216edd4',
180 silly install resolved     _from: 'gulp-cli@latest',
180 silly install resolved     _npmVersion: '2.15.2',
180 silly install resolved     _nodeVersion: '0.10.41',
180 silly install resolved     _npmUser: { name: 'phated', email: 'blaine.bublitz@gmail.com' },
180 silly install resolved     maintainers: [ [Object], [Object], [Object] ],
180 silly install resolved     dist:
180 silly install resolved      { shasum: 'a6bfbb8be35341be290ae45cd3e401071216edd4',
180 silly install resolved        tarball: 'https://registry.npmjs.org/gulp-cli/-/gulp-cli-1.3.0.tgz' },
180 silly install resolved     _npmOperationalInternal:
180 silly install resolved      { host: 'packages-12-west.internal.npmjs.com',
180 silly install resolved        tmp: 'tmp/gulp-cli-1.3.0.tgz_1492906188286_0.9268622363451868' },
180 silly install resolved     directories: {},
180 silly install resolved     _resolved: 'https://registry.npmjs.org/gulp-cli/-/gulp-cli-1.3.0.tgz' },
180 silly install resolved   { name: 'bower',
180 silly install resolved     version: '1.8.0',
180 silly install resolved     description: 'The browser package manager',
180 silly install resolved     author: { name: 'Twitter' },
180 silly install resolved     license: 'MIT',
180 silly install resolved     repository: { type: 'git', url: 'git+https://github.com/bower/bower.git' },
180 silly install resolved     main: 'lib',
180 silly install resolved     bin: { bower: 'bin/bower' },
180 silly install resolved     homepage: 'http://bower.io',
180 silly install resolved     engines: { node: '>=0.10.0' },
180 silly install resolved     keywords: [ 'bower' ],
180 silly install resolved     files: [ 'bin', 'lib' ],
180 silly install resolved     bugs: { url: 'https://github.com/bower/bower/issues' },
180 silly install resolved     _id: 'bower@1.8.0',
180 silly install resolved     scripts: {},
180 silly install resolved     _shasum: '55dbebef0ad9155382d9e9d3e497c1372345b44a',
180 silly install resolved     _from: 'bower@latest',
180 silly install resolved     _npmVersion: '3.10.9',
180 silly install resolved     _nodeVersion: '4.4.6',
180 silly install resolved     _npmUser: { name: 'sheerun', email: 'sheerun@sher.pl' },
180 silly install resolved     dist:
180 silly install resolved      { shasum: '55dbebef0ad9155382d9e9d3e497c1372345b44a',
180 silly install resolved        tarball: 'https://registry.npmjs.org/bower/-/bower-1.8.0.tgz' },
180 silly install resolved     maintainers:
180 silly install resolved      [ [Object],
180 silly install resolved        [Object],
180 silly install resolved        [Object],
180 silly install resolved        [Object],
180 silly install resolved        [Object],
180 silly install resolved        [Object],
180 silly install resolved        [Object] ],
180 silly install resolved     _npmOperationalInternal:
180 silly install resolved      { host: 'packages-18-east.internal.npmjs.com',
180 silly install resolved        tmp: 'tmp/bower-1.8.0.tgz_1478512918020_0.7136248126626015' },
180 silly install resolved     directories: {},
180 silly install resolved     deprecated: '..psst! While Bower is maintained, we recommend Yarn and Webpack for *new* front-end projects! Yarn\'s advantage is security and reliability, and Webpack\'s is support for both CommonJS and AMD projects. Currently there\'s no migration path but we hope you\'ll help us figure out one.',
180 silly install resolved     _resolved: 'https://registry.npmjs.org/bower/-/bower-1.8.0.tgz' } ]
181 info install yo@2.0.0 into /usr/local/lib
182 info install generator-webapp@3.0.1 into /usr/local/lib
183 info install gulp-cli@1.3.0 into /usr/local/lib
184 info install bower@1.8.0 into /usr/local/lib
185 info installOne yo@2.0.0
186 verbose installOne of yo to /usr/local/lib not in flight; installing
187 verbose correctMkdir /Users/manux1337/.npm/_locks correctMkdir not in flight; initializing
188 info installOne generator-webapp@3.0.1
189 verbose installOne of generator-webapp to /usr/local/lib not in flight; installing
190 verbose correctMkdir /Users/manux1337/.npm/_locks correctMkdir already in flight; waiting
191 info installOne gulp-cli@1.3.0
192 verbose installOne of gulp-cli to /usr/local/lib not in flight; installing
193 verbose correctMkdir /Users/manux1337/.npm/_locks correctMkdir already in flight; waiting
194 info installOne bower@1.8.0
195 verbose installOne of bower to /usr/local/lib not in flight; installing
196 verbose correctMkdir /Users/manux1337/.npm/_locks correctMkdir already in flight; waiting
197 verbose lock using /Users/manux1337/.npm/_locks/generator-webapp-9b485c3ef99446bb.lock for /usr/local/lib/node_modules/generator-webapp
198 verbose lock using /Users/manux1337/.npm/_locks/gulp-cli-9387f74fd11e9bcf.lock for /usr/local/lib/node_modules/gulp-cli
199 verbose lock using /Users/manux1337/.npm/_locks/bower-e8debc5417026b57.lock for /usr/local/lib/node_modules/bower
200 verbose lock using /Users/manux1337/.npm/_locks/yo-c80abb7e04f27e35.lock for /usr/local/lib/node_modules/yo
201 silly install write writing generator-webapp 3.0.1 to /usr/local/lib/node_modules/generator-webapp
202 silly install write writing gulp-cli 1.3.0 to /usr/local/lib/node_modules/gulp-cli
203 silly install write writing bower 1.8.0 to /usr/local/lib/node_modules/bower
204 silly install write writing yo 2.0.0 to /usr/local/lib/node_modules/yo
205 verbose unbuild lib/node_modules/generator-webapp
206 verbose unbuild lib/node_modules/gulp-cli
207 verbose unbuild lib/node_modules/yo
208 verbose unbuild lib/node_modules/bower
209 silly gentlyRm /usr/local/lib/node_modules/generator-webapp is being purged from base /usr/local
210 verbose gentlyRm don't care about contents; nuking /usr/local/lib/node_modules/generator-webapp
211 verbose tar unpack /Users/manux1337/.npm/generator-webapp/3.0.1/package.tgz
212 verbose tar unpacking to /usr/local/lib/node_modules/generator-webapp
213 silly gentlyRm /usr/local/lib/node_modules/generator-webapp is being purged
214 verbose gentlyRm don't care about contents; nuking /usr/local/lib/node_modules/generator-webapp
215 silly gentlyRm /usr/local/lib/node_modules/gulp-cli is being purged from base /usr/local
216 verbose gentlyRm don't care about contents; nuking /usr/local/lib/node_modules/gulp-cli
217 silly gentlyRm /usr/local/lib/node_modules/yo is being purged from base /usr/local
218 verbose gentlyRm don't care about contents; nuking /usr/local/lib/node_modules/yo
219 silly gentlyRm /usr/local/lib/node_modules/bower is being purged from base /usr/local
220 verbose gentlyRm don't care about contents; nuking /usr/local/lib/node_modules/bower
221 silly gunzTarPerm modes [ '755', '644' ]
222 verbose tar unpack /Users/manux1337/.npm/gulp-cli/1.3.0/package.tgz
223 verbose tar unpacking to /usr/local/lib/node_modules/gulp-cli
224 silly gentlyRm /usr/local/lib/node_modules/gulp-cli is being purged
225 verbose gentlyRm don't care about contents; nuking /usr/local/lib/node_modules/gulp-cli
226 verbose tar unpack /Users/manux1337/.npm/yo/2.0.0/package.tgz
227 verbose tar unpacking to /usr/local/lib/node_modules/yo
228 silly gentlyRm /usr/local/lib/node_modules/yo is being purged
229 verbose gentlyRm don't care about contents; nuking /usr/local/lib/node_modules/yo
230 verbose tar unpack /Users/manux1337/.npm/bower/1.8.0/package.tgz
231 verbose tar unpacking to /usr/local/lib/node_modules/bower
232 silly gentlyRm /usr/local/lib/node_modules/bower is being purged
233 verbose gentlyRm don't care about contents; nuking /usr/local/lib/node_modules/bower
234 silly gunzTarPerm modes [ '755', '644' ]
235 silly gunzTarPerm modes [ '755', '644' ]
236 silly gunzTarPerm modes [ '755', '644' ]
237 error tar.unpack untar error /Users/manux1337/.npm/generator-webapp/3.0.1/package.tgz
238 verbose unlock done using /Users/manux1337/.npm/_locks/generator-webapp-9b485c3ef99446bb.lock for /usr/local/lib/node_modules/generator-webapp
239 error tar.unpack untar error /Users/manux1337/.npm/gulp-cli/1.3.0/package.tgz
240 error tar.unpack untar error /Users/manux1337/.npm/yo/2.0.0/package.tgz
241 error tar.unpack untar error /Users/manux1337/.npm/bower/1.8.0/package.tgz
242 verbose unlock done using /Users/manux1337/.npm/_locks/gulp-cli-9387f74fd11e9bcf.lock for /usr/local/lib/node_modules/gulp-cli
243 verbose unlock done using /Users/manux1337/.npm/_locks/yo-c80abb7e04f27e35.lock for /usr/local/lib/node_modules/yo
244 verbose unlock done using /Users/manux1337/.npm/_locks/bower-e8debc5417026b57.lock for /usr/local/lib/node_modules/bower
245 verbose fstream_path /usr/local/lib/node_modules/generator-webapp
246 verbose fstream_type Directory
247 verbose fstream_class DirWriter
248 verbose stack Error: EACCES: permission denied, mkdir '/usr/local/lib/node_modules/generator-webapp'
248 verbose stack     at Error (native)
249 verbose fstream_stack /usr/local/lib/node_modules/npm/node_modules/fstream/lib/dir-writer.js:35:25
249 verbose fstream_stack /usr/local/lib/node_modules/npm/node_modules/mkdirp/index.js:47:53
249 verbose fstream_stack FSReqWrap.oncomplete (fs.js:82:15)
250 verbose cwd /Users/manux1337/www
251 error Darwin 16.0.0
252 error argv "/usr/local/bin/node" "/usr/local/bin/npm" "install" "--global" "yo" "gulp-cli" "bower" "generator-webapp"
253 error node v4.6.0
254 error npm  v2.15.9
255 error path /usr/local/lib/node_modules/generator-webapp
256 error code EACCES
257 error errno -13
258 error syscall mkdir
259 error Error: EACCES: permission denied, mkdir '/usr/local/lib/node_modules/generator-webapp'
259 error     at Error (native)
259 error  { [Error: EACCES: permission denied, mkdir '/usr/local/lib/node_modules/generator-webapp']
259 error   errno: -13,
259 error   code: 'EACCES',
259 error   syscall: 'mkdir',
259 error   path: '/usr/local/lib/node_modules/generator-webapp',
259 error   fstream_type: 'Directory',
259 error   fstream_path: '/usr/local/lib/node_modules/generator-webapp',
259 error   fstream_class: 'DirWriter',
259 error   fstream_stack:
259 error    [ '/usr/local/lib/node_modules/npm/node_modules/fstream/lib/dir-writer.js:35:25',
259 error      '/usr/local/lib/node_modules/npm/node_modules/mkdirp/index.js:47:53',
259 error      'FSReqWrap.oncomplete (fs.js:82:15)' ] }
260 error Please try running this command again as root/Administrator.
261 verbose exit [ -13, true ]
262 verbose unbuild lib/node_modules/generator-webapp
263 silly gentlyRm /usr/local/lib/node_modules/generator-webapp is being purged from base /usr/local
264 verbose gentlyRm don't care about contents; nuking /usr/local/lib/node_modules/generator-webapp
265 verbose unbuild lib/node_modules/gulp-cli
266 silly gentlyRm /usr/local/lib/node_modules/gulp-cli is being purged from base /usr/local
267 verbose gentlyRm don't care about contents; nuking /usr/local/lib/node_modules/gulp-cli
268 verbose unbuild lib/node_modules/yo
269 silly gentlyRm /usr/local/lib/node_modules/yo is being purged from base /usr/local
270 verbose gentlyRm don't care about contents; nuking /usr/local/lib/node_modules/yo
271 verbose unbuild lib/node_modules/bower
272 silly gentlyRm /usr/local/lib/node_modules/bower is being purged from base /usr/local
273 verbose gentlyRm don't care about contents; nuking /usr/local/lib/node_modules/bower
